<?xml version="1.0" encoding="UTF-8"?>
<!-- Generated by org.testng.reporters.JUnitXMLReporter -->
<testsuite hostname="ACER-PC" ignored="0" name="Test" tests="6" failures="0" timestamp="2022-04-18T17:28:58 IST" time="0.137" errors="0">
  <testcase name="botton" time="0.015" classname="qaclickacademy.AppiumTest"/>
  <testcase name="mobilework" time="0.004" classname="qaclickacademy.AppiumTest"/>
  <testcase name="alert" time="0.002" classname="qaclickacademy.SeleniumTest"/>
  <testcase name="calender" time="0.002" classname="qaclickacademy.SeleniumTest"/>
  <testcase name="deleteTwitter" time="0.004" classname="qaclickacademy.RESTAPITest"/>
  <testcase name="postJira" time="0.002" classname="qaclickacademy.RESTAPITest"/>
</testsuite> <!-- Test -->
