<?xml version="1.0" encoding="UTF-8"?>
<!-- Generated by org.testng.reporters.JUnitXMLReporter -->
<testsuite hostname="ACER-PC" name="Validating title name" tests="2" failures="1" timestamp="27 Apr 2022 07:27:41 GMT" time="39.718" errors="0">
  <testcase name="baseHeader" time="0.099" classname="Academy.E2EProject.validateTitle"/>
  <testcase name="basePageNavigation" time="0.143" classname="Academy.E2EProject.validateTitle">
    <failure type="java.lang.AssertionError" message="expected [FEATURED 11COURSES] but found [FEATURED COURSES]">
      <![CDATA[java.lang.AssertionError: expected [FEATURED 11COURSES] but found [FEATURED COURSES]
	at Academy.E2EProject.validateTitle.basePageNavigation(validateTitle.java:28)
... Removed 29 stack frames]]>
    </failure>
  </testcase> <!-- basePageNavigation -->
</testsuite> <!-- Validating title name -->
