<?xml version="1.0" encoding="UTF-8"?>
<testng-results skipped="0" failed="0" ignored="0" total="6" passed="6">
  <reporter-output>
  </reporter-output>
  <suite name="Suite" duration-ms="137" started-at="2022-04-18T17:28:58 IST" finished-at="2022-04-18T17:28:58 IST">
    <groups>
    </groups>
    <test name="Test" duration-ms="137" started-at="2022-04-18T17:28:58 IST" finished-at="2022-04-18T17:28:58 IST">
      <class name="qaclickacademy.AppiumTest">
        <test-method status="PASS" signature="botton()[pri:0, instance:qaclickacademy.AppiumTest@853265]" name="botton" duration-ms="15" started-at="2022-04-18T17:28:58 IST" finished-at="2022-04-18T17:28:58 IST">
          <reporter-output>
          </reporter-output>
        </test-method> <!-- botton -->
        <test-method status="PASS" signature="mobilework()[pri:0, instance:qaclickacademy.AppiumTest@853265]" name="mobilework" duration-ms="4" started-at="2022-04-18T17:28:58 IST" finished-at="2022-04-18T17:28:58 IST">
          <reporter-output>
          </reporter-output>
        </test-method> <!-- mobilework -->
      </class> <!-- qaclickacademy.AppiumTest -->
      <class name="qaclickacademy.RESTAPITest">
        <test-method status="PASS" signature="deleteTwitter()[pri:0, instance:qaclickacademy.RESTAPITest@11f39f9]" name="deleteTwitter" duration-ms="4" started-at="2022-04-18T17:28:58 IST" finished-at="2022-04-18T17:28:58 IST">
          <reporter-output>
          </reporter-output>
        </test-method> <!-- deleteTwitter -->
        <test-method status="PASS" signature="postJira()[pri:0, instance:qaclickacademy.RESTAPITest@11f39f9]" name="postJira" duration-ms="2" started-at="2022-04-18T17:28:58 IST" finished-at="2022-04-18T17:28:58 IST">
          <reporter-output>
          </reporter-output>
        </test-method> <!-- postJira -->
      </class> <!-- qaclickacademy.RESTAPITest -->
      <class name="qaclickacademy.SeleniumTest">
        <test-method status="PASS" signature="alert()[pri:0, instance:qaclickacademy.SeleniumTest@1d7a715]" name="alert" duration-ms="2" started-at="2022-04-18T17:28:58 IST" finished-at="2022-04-18T17:28:58 IST">
          <reporter-output>
          </reporter-output>
        </test-method> <!-- alert -->
        <test-method status="PASS" signature="calender()[pri:0, instance:qaclickacademy.SeleniumTest@1d7a715]" name="calender" duration-ms="2" started-at="2022-04-18T17:28:58 IST" finished-at="2022-04-18T17:28:58 IST">
          <reporter-output>
          </reporter-output>
        </test-method> <!-- calender -->
      </class> <!-- qaclickacademy.SeleniumTest -->
    </test> <!-- Test -->
  </suite> <!-- Suite -->
</testng-results>
